<?xml version="1.0" encoding="UTF-8"?>
<!-- Generated by org.testng.reporters.JUnitXMLReporter -->
<testsuite ignored="1" hostname="fv-az1052-839" failures="2" tests="4" name="UI Test" time="84.822" errors="0" timestamp="2024-02-21T20:03:16 UTC">
  <testcase classname="com.github.dtitar.teamcity.ui.CreateNewProjectTest" name="authorizedUserShouldBeAbleCreateProjectFromRepositoryUrl" time="36.75">
    <failure type="java.util.NoSuchElementException" message="No value present">
      <![CDATA[java.util.NoSuchElementException: No value present
at java.base/java.util.Optional.get(Optional.java:143)
at com.github.dtitar.teamcity.ui.pages.ProjectsPage.checkProjectExist(ProjectsPage.java:33)
at com.github.dtitar.teamcity.ui.CreateNewProjectTest.authorizedUserShouldBeAbleCreateProjectFromRepositoryUrl(CreateNewProjectTest.java:38)
at java.base/java.util.ArrayList.forEach(ArrayList.java:1511)
... Removed 31 stack frames]]>
    </failure>
  </testcase> <!-- authorizedUserShouldBeAbleCreateProjectFromRepositoryUrl -->
  <testcase classname="com.github.dtitar.teamcity.ui.CreateNewProjectTest" name="authorizedUserShouldBeAbleCreateProjectManually" time="5.46">
    <failure type="java.util.NoSuchElementException" message="No value present">
      <![CDATA[java.util.NoSuchElementException: No value present
at java.base/java.util.Optional.get(Optional.java:143)
at com.github.dtitar.teamcity.ui.pages.ProjectsPage.checkProjectExist(ProjectsPage.java:33)
at com.github.dtitar.teamcity.ui.CreateNewProjectTest.authorizedUserShouldBeAbleCreateProjectManually(CreateNewProjectTest.java:71)
at java.base/java.util.ArrayList.forEach(ArrayList.java:1511)
... Removed 31 stack frames]]>
    </failure>
  </testcase> <!-- authorizedUserShouldBeAbleCreateProjectManually -->
  <testcase classname="com.github.dtitar.teamcity.ui.CreateNewBuildTypeTest" name="userShouldBeAbleToCreateBuildTypeByUrl" time="12.661"/>
  <testcase classname="com.github.dtitar.teamcity.ui.CreateNewBuildTypeTest" name="userShouldBeAbleToCreateBuildTypeManually" time="6.292"/>
  <testcase classname="com.github.dtitar.teamcity.ui.BaseUiTest" name="@BeforeSuite setupUiTests" time="0.0">
    <ignored/>
  </testcase> <!-- @BeforeSuite setupUiTests -->
</testsuite> <!-- UI Test -->
